mode: atomic
github.com/lfarizav/heritage/internal/imageload/loader.go:24.122,25.53 1 0
github.com/lfarizav/heritage/internal/imageload/loader.go:25.53,27.3 1 0
github.com/lfarizav/heritage/internal/imageload/loader.go:29.2,35.16 3 0
github.com/lfarizav/heritage/internal/imageload/loader.go:35.16,37.3 1 0
github.com/lfarizav/heritage/internal/imageload/loader.go:39.2,43.12 2 0
github.com/lfarizav/heritage/internal/imageload/loader.go:48.48,50.16 2 0
github.com/lfarizav/heritage/internal/imageload/loader.go:50.16,52.3 1 0
github.com/lfarizav/heritage/internal/imageload/loader.go:53.2,53.18 1 0
github.com/lfarizav/heritage/internal/imageload/loader.go:53.18,55.3 1 0
github.com/lfarizav/heritage/internal/imageload/loader.go:57.2,58.16 2 0
github.com/lfarizav/heritage/internal/imageload/loader.go:58.16,60.3 1 0
github.com/lfarizav/heritage/internal/imageload/loader.go:61.2,63.29 2 0
github.com/lfarizav/heritage/internal/imageload/loader.go:68.43,71.16 2 0
github.com/lfarizav/heritage/internal/imageload/loader.go:71.16,73.55 2 0
github.com/lfarizav/heritage/internal/imageload/loader.go:73.55,75.4 1 0
github.com/lfarizav/heritage/internal/imageload/loader.go:76.3,76.13 1 0
github.com/lfarizav/heritage/internal/imageload/loader.go:80.2,80.32 1 0
github.com/lfarizav/heritage/internal/imageload/loader.go:80.32,81.52 1 0
github.com/lfarizav/heritage/internal/imageload/loader.go:81.52,83.4 1 0
github.com/lfarizav/heritage/internal/imageload/loader.go:84.3,85.55 2 0
github.com/lfarizav/heritage/internal/imageload/loader.go:85.55,87.4 1 0
github.com/lfarizav/heritage/internal/imageload/loader.go:88.3,88.13 1 0
github.com/lfarizav/heritage/internal/imageload/loader.go:91.2,91.71 1 0
github.com/lfarizav/heritage/internal/imageload/loader.go:95.49,97.16 2 0
github.com/lfarizav/heritage/internal/imageload/loader.go:97.16,99.3 1 0
github.com/lfarizav/heritage/internal/imageload/loader.go:101.2,102.28 2 0
github.com/lfarizav/heritage/internal/imageload/loader.go:102.28,103.16 1 0
github.com/lfarizav/heritage/internal/imageload/loader.go:103.16,104.12 1 0
github.com/lfarizav/heritage/internal/imageload/loader.go:106.3,107.76 2 0
github.com/lfarizav/heritage/internal/imageload/loader.go:107.76,109.4 1 0
github.com/lfarizav/heritage/internal/imageload/loader.go:111.2,111.22 1 0
github.com/lfarizav/heritage/internal/imageload/validation.go:22.64,24.15 2 0
github.com/lfarizav/heritage/internal/imageload/validation.go:24.15,26.3 1 0
github.com/lfarizav/heritage/internal/imageload/validation.go:27.2,27.15 1 0
github.com/lfarizav/heritage/internal/imageload/validation.go:27.15,29.3 1 0
github.com/lfarizav/heritage/internal/imageload/validation.go:31.2,32.16 2 0
github.com/lfarizav/heritage/internal/imageload/validation.go:32.16,34.3 1 0
github.com/lfarizav/heritage/internal/imageload/validation.go:35.2,35.19 1 0
github.com/lfarizav/heritage/internal/imageload/validation.go:35.19,37.3 1 0
github.com/lfarizav/heritage/internal/imageload/validation.go:39.2,39.46 1 0
github.com/lfarizav/heritage/internal/imageload/validation.go:39.46,41.42 2 0
github.com/lfarizav/heritage/internal/imageload/validation.go:41.42,43.4 1 0
github.com/lfarizav/heritage/internal/imageload/validation.go:46.2,46.12 1 0
github.com/lfarizav/heritage/internal/kindcluster/checks.go:12.90,14.16 2 0
github.com/lfarizav/heritage/internal/kindcluster/checks.go:14.16,16.3 1 0
github.com/lfarizav/heritage/internal/kindcluster/checks.go:17.2,17.75 1 0
github.com/lfarizav/heritage/internal/kindcluster/checks.go:17.75,18.45 1 0
github.com/lfarizav/heritage/internal/kindcluster/checks.go:18.45,20.4 1 0
github.com/lfarizav/heritage/internal/kindcluster/checks.go:22.2,22.19 1 0
github.com/lfarizav/heritage/internal/kindcluster/checks.go:26.82,28.16 2 0
github.com/lfarizav/heritage/internal/kindcluster/checks.go:28.16,30.3 1 0
github.com/lfarizav/heritage/internal/kindcluster/checks.go:31.2,31.12 1 0
github.com/lfarizav/heritage/internal/kindcluster/cni.go:15.103,17.88 1 0
github.com/lfarizav/heritage/internal/kindcluster/cni.go:17.88,19.3 1 0
github.com/lfarizav/heritage/internal/kindcluster/cni.go:22.2,22.47 1 0
github.com/lfarizav/heritage/internal/kindcluster/cni.go:22.47,24.3 1 0
github.com/lfarizav/heritage/internal/kindcluster/cni.go:26.2,36.16 2 0
github.com/lfarizav/heritage/internal/kindcluster/cni.go:36.16,38.3 1 0
github.com/lfarizav/heritage/internal/kindcluster/cni.go:41.2,44.16 1 0
github.com/lfarizav/heritage/internal/kindcluster/cni.go:44.16,46.3 1 0
github.com/lfarizav/heritage/internal/kindcluster/cni.go:49.2,59.16 2 0
github.com/lfarizav/heritage/internal/kindcluster/cni.go:59.16,61.3 1 0
github.com/lfarizav/heritage/internal/kindcluster/cni.go:63.2,64.12 2 0
github.com/lfarizav/heritage/internal/kindcluster/exec.go:15.81,17.2 1 0
github.com/lfarizav/heritage/internal/kindcluster/flags.go:15.55,24.39 7 9
github.com/lfarizav/heritage/internal/kindcluster/flags.go:24.39,26.3 1 0
github.com/lfarizav/heritage/internal/kindcluster/flags.go:28.2,28.24 1 9
github.com/lfarizav/heritage/internal/kindcluster/flags.go:28.24,30.3 1 1
github.com/lfarizav/heritage/internal/kindcluster/flags.go:31.2,31.18 1 8
github.com/lfarizav/heritage/internal/kindcluster/flags.go:31.18,33.3 1 1
github.com/lfarizav/heritage/internal/kindcluster/flags.go:34.2,34.58 1 7
github.com/lfarizav/heritage/internal/kindcluster/flags.go:34.58,36.3 1 3
github.com/lfarizav/heritage/internal/kindcluster/flags.go:38.2,45.8 1 4
github.com/lfarizav/heritage/internal/kindcluster/flags.go:49.45,50.16 1 17
github.com/lfarizav/heritage/internal/kindcluster/flags.go:50.16,52.3 1 2
github.com/lfarizav/heritage/internal/kindcluster/flags.go:53.2,53.35 1 15
github.com/lfarizav/heritage/internal/kindcluster/flags.go:53.35,55.3 1 1
github.com/lfarizav/heritage/internal/kindcluster/flags.go:56.2,56.34 1 14
github.com/lfarizav/heritage/internal/kindcluster/flags.go:56.34,58.3 1 6
github.com/lfarizav/heritage/internal/kindcluster/flags.go:59.2,59.12 1 8
github.com/lfarizav/heritage/internal/kindcluster/provisioner.go:19.81,23.16 3 0
github.com/lfarizav/heritage/internal/kindcluster/provisioner.go:23.16,25.3 1 0
github.com/lfarizav/heritage/internal/kindcluster/provisioner.go:26.2,28.47 2 0
github.com/lfarizav/heritage/internal/kindcluster/provisioner.go:28.47,31.3 2 0
github.com/lfarizav/heritage/internal/kindcluster/provisioner.go:32.2,45.16 4 0
github.com/lfarizav/heritage/internal/kindcluster/provisioner.go:45.16,46.51 1 0
github.com/lfarizav/heritage/internal/kindcluster/provisioner.go:46.51,48.4 1 0
github.com/lfarizav/heritage/internal/kindcluster/provisioner.go:49.3,49.61 1 0
github.com/lfarizav/heritage/internal/kindcluster/provisioner.go:52.2,53.12 2 0
github.com/lfarizav/heritage/internal/kindcluster/provisioner.go:58.47,64.30 6 0
github.com/lfarizav/heritage/internal/kindcluster/provisioner.go:64.30,66.3 1 0
github.com/lfarizav/heritage/internal/kindcluster/provisioner.go:67.2,67.24 1 0
github.com/lfarizav/heritage/internal/kindcluster/provisioner.go:67.24,69.3 1 0
github.com/lfarizav/heritage/internal/kindcluster/provisioner.go:70.2,70.19 1 0
github.com/lfarizav/heritage/internal/imageload/loader.go:24.122,25.53 1 6
github.com/lfarizav/heritage/internal/imageload/loader.go:25.53,27.3 1 3
github.com/lfarizav/heritage/internal/imageload/loader.go:29.2,35.16 3 3
github.com/lfarizav/heritage/internal/imageload/loader.go:35.16,37.3 1 1
github.com/lfarizav/heritage/internal/imageload/loader.go:39.2,43.12 2 2
github.com/lfarizav/heritage/internal/imageload/loader.go:48.48,50.16 2 6
github.com/lfarizav/heritage/internal/imageload/loader.go:50.16,52.3 1 1
github.com/lfarizav/heritage/internal/imageload/loader.go:53.2,53.18 1 5
github.com/lfarizav/heritage/internal/imageload/loader.go:53.18,55.3 1 1
github.com/lfarizav/heritage/internal/imageload/loader.go:57.2,58.16 2 4
github.com/lfarizav/heritage/internal/imageload/loader.go:58.16,60.3 1 0
github.com/lfarizav/heritage/internal/imageload/loader.go:61.2,63.29 2 4
github.com/lfarizav/heritage/internal/imageload/loader.go:68.43,71.16 2 4
github.com/lfarizav/heritage/internal/imageload/loader.go:71.16,73.55 2 2
github.com/lfarizav/heritage/internal/imageload/loader.go:73.55,75.4 1 0
github.com/lfarizav/heritage/internal/imageload/loader.go:76.3,76.13 1 2
github.com/lfarizav/heritage/internal/imageload/loader.go:80.2,80.32 1 2
github.com/lfarizav/heritage/internal/imageload/loader.go:80.32,81.52 1 2
github.com/lfarizav/heritage/internal/imageload/loader.go:81.52,83.4 1 0
github.com/lfarizav/heritage/internal/imageload/loader.go:84.3,85.55 2 2
github.com/lfarizav/heritage/internal/imageload/loader.go:85.55,87.4 1 1
github.com/lfarizav/heritage/internal/imageload/loader.go:88.3,88.13 1 1
github.com/lfarizav/heritage/internal/imageload/loader.go:91.2,91.71 1 0
github.com/lfarizav/heritage/internal/imageload/loader.go:95.49,97.16 2 2
github.com/lfarizav/heritage/internal/imageload/loader.go:97.16,99.3 1 1
github.com/lfarizav/heritage/internal/imageload/loader.go:101.2,102.28 2 1
github.com/lfarizav/heritage/internal/imageload/loader.go:102.28,103.16 1 3
github.com/lfarizav/heritage/internal/imageload/loader.go:103.16,104.12 1 0
github.com/lfarizav/heritage/internal/imageload/loader.go:106.3,107.76 2 3
github.com/lfarizav/heritage/internal/imageload/loader.go:107.76,109.4 1 2
github.com/lfarizav/heritage/internal/imageload/loader.go:111.2,111.22 1 1
github.com/lfarizav/heritage/internal/imageload/validation.go:22.64,24.15 2 6
github.com/lfarizav/heritage/internal/imageload/validation.go:24.15,26.3 1 2
github.com/lfarizav/heritage/internal/imageload/validation.go:27.2,27.15 1 6
github.com/lfarizav/heritage/internal/imageload/validation.go:27.15,29.3 1 1
github.com/lfarizav/heritage/internal/imageload/validation.go:31.2,32.16 2 5
github.com/lfarizav/heritage/internal/imageload/validation.go:32.16,34.3 1 1
github.com/lfarizav/heritage/internal/imageload/validation.go:35.2,35.19 1 4
github.com/lfarizav/heritage/internal/imageload/validation.go:35.19,37.3 1 1
github.com/lfarizav/heritage/internal/imageload/validation.go:39.2,39.46 1 3
github.com/lfarizav/heritage/internal/imageload/validation.go:39.46,41.42 2 7
github.com/lfarizav/heritage/internal/imageload/validation.go:41.42,43.4 1 1
github.com/lfarizav/heritage/internal/imageload/validation.go:46.2,46.12 1 2
github.com/lfarizav/heritage/internal/kindcluster/checks.go:12.90,14.16 2 0
github.com/lfarizav/heritage/internal/kindcluster/checks.go:14.16,16.3 1 0
github.com/lfarizav/heritage/internal/kindcluster/checks.go:17.2,17.75 1 0
github.com/lfarizav/heritage/internal/kindcluster/checks.go:17.75,18.45 1 0
github.com/lfarizav/heritage/internal/kindcluster/checks.go:18.45,20.4 1 0
github.com/lfarizav/heritage/internal/kindcluster/checks.go:22.2,22.19 1 0
github.com/lfarizav/heritage/internal/kindcluster/checks.go:26.82,28.16 2 0
github.com/lfarizav/heritage/internal/kindcluster/checks.go:28.16,30.3 1 0
github.com/lfarizav/heritage/internal/kindcluster/checks.go:31.2,31.12 1 0
github.com/lfarizav/heritage/internal/kindcluster/cni.go:15.103,17.88 1 0
github.com/lfarizav/heritage/internal/kindcluster/cni.go:17.88,19.3 1 0
github.com/lfarizav/heritage/internal/kindcluster/cni.go:22.2,22.47 1 0
github.com/lfarizav/heritage/internal/kindcluster/cni.go:22.47,24.3 1 0
github.com/lfarizav/heritage/internal/kindcluster/cni.go:26.2,36.16 2 0
github.com/lfarizav/heritage/internal/kindcluster/cni.go:36.16,38.3 1 0
github.com/lfarizav/heritage/internal/kindcluster/cni.go:41.2,44.16 1 0
github.com/lfarizav/heritage/internal/kindcluster/cni.go:44.16,46.3 1 0
github.com/lfarizav/heritage/internal/kindcluster/cni.go:49.2,59.16 2 0
github.com/lfarizav/heritage/internal/kindcluster/cni.go:59.16,61.3 1 0
github.com/lfarizav/heritage/internal/kindcluster/cni.go:63.2,64.12 2 0
github.com/lfarizav/heritage/internal/kindcluster/exec.go:15.81,17.2 1 0
github.com/lfarizav/heritage/internal/kindcluster/flags.go:15.55,24.39 7 0
github.com/lfarizav/heritage/internal/kindcluster/flags.go:24.39,26.3 1 0
github.com/lfarizav/heritage/internal/kindcluster/flags.go:28.2,28.24 1 0
github.com/lfarizav/heritage/internal/kindcluster/flags.go:28.24,30.3 1 0
github.com/lfarizav/heritage/internal/kindcluster/flags.go:31.2,31.18 1 0
github.com/lfarizav/heritage/internal/kindcluster/flags.go:31.18,33.3 1 0
github.com/lfarizav/heritage/internal/kindcluster/flags.go:34.2,34.58 1 0
github.com/lfarizav/heritage/internal/kindcluster/flags.go:34.58,36.3 1 0
github.com/lfarizav/heritage/internal/kindcluster/flags.go:38.2,45.8 1 0
github.com/lfarizav/heritage/internal/kindcluster/flags.go:49.45,50.16 1 0
github.com/lfarizav/heritage/internal/kindcluster/flags.go:50.16,52.3 1 0
github.com/lfarizav/heritage/internal/kindcluster/flags.go:53.2,53.35 1 0
github.com/lfarizav/heritage/internal/kindcluster/flags.go:53.35,55.3 1 0
github.com/lfarizav/heritage/internal/kindcluster/flags.go:56.2,56.34 1 0
github.com/lfarizav/heritage/internal/kindcluster/flags.go:56.34,58.3 1 0
github.com/lfarizav/heritage/internal/kindcluster/flags.go:59.2,59.12 1 0
github.com/lfarizav/heritage/internal/kindcluster/provisioner.go:19.81,23.16 3 0
github.com/lfarizav/heritage/internal/kindcluster/provisioner.go:23.16,25.3 1 0
github.com/lfarizav/heritage/internal/kindcluster/provisioner.go:26.2,28.47 2 0
github.com/lfarizav/heritage/internal/kindcluster/provisioner.go:28.47,31.3 2 0
github.com/lfarizav/heritage/internal/kindcluster/provisioner.go:32.2,45.16 4 0
github.com/lfarizav/heritage/internal/kindcluster/provisioner.go:45.16,46.51 1 0
github.com/lfarizav/heritage/internal/kindcluster/provisioner.go:46.51,48.4 1 0
github.com/lfarizav/heritage/internal/kindcluster/provisioner.go:49.3,49.61 1 0
github.com/lfarizav/heritage/internal/kindcluster/provisioner.go:52.2,53.12 2 0
github.com/lfarizav/heritage/internal/kindcluster/provisioner.go:58.47,64.30 6 0
github.com/lfarizav/heritage/internal/kindcluster/provisioner.go:64.30,66.3 1 0
github.com/lfarizav/heritage/internal/kindcluster/provisioner.go:67.2,67.24 1 0
github.com/lfarizav/heritage/internal/kindcluster/provisioner.go:67.24,69.3 1 0
github.com/lfarizav/heritage/internal/kindcluster/provisioner.go:70.2,70.19 1 0
github.com/lfarizav/heritage/internal/imageload/loader.go:24.122,25.53 1 0
github.com/lfarizav/heritage/internal/imageload/loader.go:25.53,27.3 1 0
github.com/lfarizav/heritage/internal/imageload/loader.go:29.2,35.16 3 0
github.com/lfarizav/heritage/internal/imageload/loader.go:35.16,37.3 1 0
github.com/lfarizav/heritage/internal/imageload/loader.go:39.2,43.12 2 0
github.com/lfarizav/heritage/internal/imageload/loader.go:48.48,50.16 2 0
github.com/lfarizav/heritage/internal/imageload/loader.go:50.16,52.3 1 0
github.com/lfarizav/heritage/internal/imageload/loader.go:53.2,53.18 1 0
github.com/lfarizav/heritage/internal/imageload/loader.go:53.18,55.3 1 0
github.com/lfarizav/heritage/internal/imageload/loader.go:57.2,58.16 2 0
github.com/lfarizav/heritage/internal/imageload/loader.go:58.16,60.3 1 0
github.com/lfarizav/heritage/internal/imageload/loader.go:61.2,63.29 2 0
github.com/lfarizav/heritage/internal/imageload/loader.go:68.43,71.16 2 0
github.com/lfarizav/heritage/internal/imageload/loader.go:71.16,73.55 2 0
github.com/lfarizav/heritage/internal/imageload/loader.go:73.55,75.4 1 0
github.com/lfarizav/heritage/internal/imageload/loader.go:76.3,76.13 1 0
github.com/lfarizav/heritage/internal/imageload/loader.go:80.2,80.32 1 0
github.com/lfarizav/heritage/internal/imageload/loader.go:80.32,81.52 1 0
github.com/lfarizav/heritage/internal/imageload/loader.go:81.52,83.4 1 0
github.com/lfarizav/heritage/internal/imageload/loader.go:84.3,85.55 2 0
github.com/lfarizav/heritage/internal/imageload/loader.go:85.55,87.4 1 0
github.com/lfarizav/heritage/internal/imageload/loader.go:88.3,88.13 1 0
github.com/lfarizav/heritage/internal/imageload/loader.go:91.2,91.71 1 0
github.com/lfarizav/heritage/internal/imageload/loader.go:95.49,97.16 2 0
github.com/lfarizav/heritage/internal/imageload/loader.go:97.16,99.3 1 0
github.com/lfarizav/heritage/internal/imageload/loader.go:101.2,102.28 2 0
github.com/lfarizav/heritage/internal/imageload/loader.go:102.28,103.16 1 0
github.com/lfarizav/heritage/internal/imageload/loader.go:103.16,104.12 1 0
github.com/lfarizav/heritage/internal/imageload/loader.go:106.3,107.76 2 0
github.com/lfarizav/heritage/internal/imageload/loader.go:107.76,109.4 1 0
github.com/lfarizav/heritage/internal/imageload/loader.go:111.2,111.22 1 0
github.com/lfarizav/heritage/internal/imageload/validation.go:22.64,24.15 2 0
github.com/lfarizav/heritage/internal/imageload/validation.go:24.15,26.3 1 0
github.com/lfarizav/heritage/internal/imageload/validation.go:27.2,27.15 1 0
github.com/lfarizav/heritage/internal/imageload/validation.go:27.15,29.3 1 0
github.com/lfarizav/heritage/internal/imageload/validation.go:31.2,32.16 2 0
github.com/lfarizav/heritage/internal/imageload/validation.go:32.16,34.3 1 0
github.com/lfarizav/heritage/internal/imageload/validation.go:35.2,35.19 1 0
github.com/lfarizav/heritage/internal/imageload/validation.go:35.19,37.3 1 0
github.com/lfarizav/heritage/internal/imageload/validation.go:39.2,39.46 1 0
github.com/lfarizav/heritage/internal/imageload/validation.go:39.46,41.42 2 0
github.com/lfarizav/heritage/internal/imageload/validation.go:41.42,43.4 1 0
github.com/lfarizav/heritage/internal/imageload/validation.go:46.2,46.12 1 0
github.com/lfarizav/heritage/internal/kindcluster/checks.go:12.90,14.16 2 4
github.com/lfarizav/heritage/internal/kindcluster/checks.go:14.16,16.3 1 1
github.com/lfarizav/heritage/internal/kindcluster/checks.go:17.2,17.75 1 3
github.com/lfarizav/heritage/internal/kindcluster/checks.go:17.75,18.45 1 3
github.com/lfarizav/heritage/internal/kindcluster/checks.go:18.45,20.4 1 1
github.com/lfarizav/heritage/internal/kindcluster/checks.go:22.2,22.19 1 2
github.com/lfarizav/heritage/internal/kindcluster/checks.go:26.82,28.16 2 2
github.com/lfarizav/heritage/internal/kindcluster/checks.go:28.16,30.3 1 1
github.com/lfarizav/heritage/internal/kindcluster/checks.go:31.2,31.12 1 1
github.com/lfarizav/heritage/internal/kindcluster/cni.go:15.103,17.88 1 6
github.com/lfarizav/heritage/internal/kindcluster/cni.go:17.88,19.3 1 1
github.com/lfarizav/heritage/internal/kindcluster/cni.go:22.2,22.47 1 5
github.com/lfarizav/heritage/internal/kindcluster/cni.go:22.47,24.3 1 1
github.com/lfarizav/heritage/internal/kindcluster/cni.go:26.2,36.16 2 4
github.com/lfarizav/heritage/internal/kindcluster/cni.go:36.16,38.3 1 1
github.com/lfarizav/heritage/internal/kindcluster/cni.go:41.2,44.16 1 3
github.com/lfarizav/heritage/internal/kindcluster/cni.go:44.16,46.3 1 1
github.com/lfarizav/heritage/internal/kindcluster/cni.go:49.2,59.16 2 2
github.com/lfarizav/heritage/internal/kindcluster/cni.go:59.16,61.3 1 1
github.com/lfarizav/heritage/internal/kindcluster/cni.go:63.2,64.12 2 1
github.com/lfarizav/heritage/internal/kindcluster/exec.go:15.81,17.2 1 0
github.com/lfarizav/heritage/internal/kindcluster/flags.go:15.55,24.39 7 0
github.com/lfarizav/heritage/internal/kindcluster/flags.go:24.39,26.3 1 0
github.com/lfarizav/heritage/internal/kindcluster/flags.go:28.2,28.24 1 0
github.com/lfarizav/heritage/internal/kindcluster/flags.go:28.24,30.3 1 0
github.com/lfarizav/heritage/internal/kindcluster/flags.go:31.2,31.18 1 0
github.com/lfarizav/heritage/internal/kindcluster/flags.go:31.18,33.3 1 0
github.com/lfarizav/heritage/internal/kindcluster/flags.go:34.2,34.58 1 0
github.com/lfarizav/heritage/internal/kindcluster/flags.go:34.58,36.3 1 0
github.com/lfarizav/heritage/internal/kindcluster/flags.go:38.2,45.8 1 0
github.com/lfarizav/heritage/internal/kindcluster/flags.go:49.45,50.16 1 0
github.com/lfarizav/heritage/internal/kindcluster/flags.go:50.16,52.3 1 0
github.com/lfarizav/heritage/internal/kindcluster/flags.go:53.2,53.35 1 0
github.com/lfarizav/heritage/internal/kindcluster/flags.go:53.35,55.3 1 0
github.com/lfarizav/heritage/internal/kindcluster/flags.go:56.2,56.34 1 0
github.com/lfarizav/heritage/internal/kindcluster/flags.go:56.34,58.3 1 0
github.com/lfarizav/heritage/internal/kindcluster/flags.go:59.2,59.12 1 0
github.com/lfarizav/heritage/internal/kindcluster/provisioner.go:19.81,23.16 3 4
github.com/lfarizav/heritage/internal/kindcluster/provisioner.go:23.16,25.3 1 0
github.com/lfarizav/heritage/internal/kindcluster/provisioner.go:26.2,28.47 2 4
github.com/lfarizav/heritage/internal/kindcluster/provisioner.go:28.47,31.3 2 0
github.com/lfarizav/heritage/internal/kindcluster/provisioner.go:32.2,45.16 4 4
github.com/lfarizav/heritage/internal/kindcluster/provisioner.go:45.16,46.51 1 3
github.com/lfarizav/heritage/internal/kindcluster/provisioner.go:46.51,48.4 1 1
github.com/lfarizav/heritage/internal/kindcluster/provisioner.go:49.3,49.61 1 2
github.com/lfarizav/heritage/internal/kindcluster/provisioner.go:52.2,53.12 2 1
github.com/lfarizav/heritage/internal/kindcluster/provisioner.go:58.47,64.30 6 8
github.com/lfarizav/heritage/internal/kindcluster/provisioner.go:64.30,66.3 1 12
github.com/lfarizav/heritage/internal/kindcluster/provisioner.go:67.2,67.24 1 8
github.com/lfarizav/heritage/internal/kindcluster/provisioner.go:67.24,69.3 1 13
github.com/lfarizav/heritage/internal/kindcluster/provisioner.go:70.2,70.19 1 8
